<?xml version="1.0" encoding="UTF-8"?>
<!-- Generated by org.testng.reporters.JUnitXMLReporter -->
<testsuite ignored="0" hostname="Amankumar" failures="0" tests="2" name="Error Validation Test" time="11.62" errors="0" timestamp="2024-03-03T13:00:34 IST">
  <testcase classname="rahulshettyacademy.tests.ErrorValidationsTest" name="loginErrorValidation" time="0.605"/>
  <testcase classname="rahulshettyacademy.tests.ErrorValidationsTest" name="productErrorValidation" time="2.92"/>
</testsuite> <!-- Error Validation Test -->
