<?xml version="1.0" encoding="UTF-8"?>
<!-- Generated by org.testng.reporters.JUnitXMLReporter -->
<testsuite ignored="0" hostname="Amankumar" failures="0" tests="2" name="Error Validation Test" time="13.172" errors="0" timestamp="2024-03-05T17:58:53 IST">
  <testcase classname="rahulshettyacademy.tests.ErrorValidationsTest" name="loginErrorValidation" time="0.908"/>
  <testcase classname="rahulshettyacademy.tests.ErrorValidationsTest" name="productErrorValidation" time="2.469"/>
</testsuite> <!-- Error Validation Test -->
